<?xml version="1.0" encoding="UTF-8"?>
<!-- Generated by org.testng.reporters.JUnitReportReporter -->
<testsuite hostname="DESKTOP-7CDJI15" failures="0" tests="2" name="com.TestCases.TC001_AccountRegistration" time="13.209" errors="0" timestamp="2024-12-23T12:58:56 IST" skipped="0">
  <testcase classname="com.TestCases.TC001_AccountRegistration" name="verify_account_registration" time="5.738"/>
  <testcase classname="com.TestCases.TC001_AccountRegistration" name="verify_account_registration" time="7.471"/>
</testsuite> <!-- com.TestCases.TC001_AccountRegistration -->
