<?xml version="1.0" encoding="UTF-8"?>
<!-- Generated by org.testng.reporters.JUnitReportReporter -->
<testsuite hostname="DESKTOP-7CDJI15" failures="0" tests="1" name="com.TestCases.TC002_AccountLogin" time="2.058" errors="0" timestamp="2024-12-23T21:31:22 IST" skipped="0">
  <testcase classname="com.TestCases.TC002_AccountLogin" name="verify_login" time="2.058"/>
</testsuite> <!-- com.TestCases.TC002_AccountLogin -->
