<?xml version="1.0" encoding="UTF-8"?>
<!-- Generated by org.testng.reporters.JUnitReportReporter -->
<testsuite hostname="DESKTOP-7CDJI15" failures="0" tests="1" name="com.TestCases.TC001_AccountRegistration" time="3.433" errors="0" timestamp="2024-12-23T21:31:22 IST" skipped="0">
  <testcase classname="com.TestCases.TC001_AccountRegistration" name="verify_account_registration" time="3.433"/>
</testsuite> <!-- com.TestCases.TC001_AccountRegistration -->
